[   0.00000] Linux verson4.15.0-43-neri (buldd@gw1-amd6-01) (gccersion7..0 (Untu .3-16ubutu)) #46Ubntu SM Thu Dc 6 14:4:2 UTC208 (Ubutu4.5.43.46-neric .1.18)
   0.0000] Comman le: BOTMAGEboot/vliuz-4150-43geric rot=ABEL=cludmg-rtf ro consolett1 coole=ttS0
[    0.000000] KERNEL uportecps:    0.0000] Inel GenuineIntel
[    0.000000]   AMD AuthenticAMD
[    0.000000]   Centaur CentaurHauls
[    0.000000] x86/fpu: Supporting XSAVE feature 0x001: 'x7 floating point registers'
[    0.000000] x86/fpu: Supporting XSAVE feature 0x002: 'SSE registers'
[    0.000000] 6/pu: Supporting XSAVE feature 0x004: 'AVX registers'
[    0.0000000] x/fu: tae_ose[2] 56, tae_size2]  256
  0.000000] x86/fpu: Enabled xstate features 0x7, context size is 832 bytes, using 'standard' formaat.
[   0.00000]e80: BS-prvid physal RAMmap:
[    0.000000] BIOS-e820: [me 0000000000000-x0000000009fbff]usae
[    0.0000] BIOSe80: [mem 0000000009c00-0x000000000009ffff] reserved
[    0.000000] BIOS-e820: [mem 0x00000000000f0000-0x00000000000ffff] resve
[  .000000BIS-e80:[mem 0x0000000001000-0x0000003ffeffff] usable
[    0.000000] BIO-e820:[mm 0x0000003f00000x0000003fffffff] AI ata
[  0.000] BIS-20: [memx00000fec0000-0000000fec00fff] reserved
[    0.000000] BIOS-e820: [mem 0x00000000fee00000-0x00000000fee00fff] reserved
[    0.000000] BIOS-e820: [mem 0x00000000fffc0000x000000fffffff] esrved
[   0.0000]NXExecteDiable) otecion: active
[    0.000000] SMBIS 2.5 present.[   0.00000 DI: innotk mbH VirtuaBox/Virtualox, BIOS VirtualBox 12/01/2006
[    0.000000] Hypervisor deteed KVM
[    0.000000] e820: last_pfn = 0x3fff0 max_arch_pfn = 0x400000000
[    0.000000] MTRR: Disabled
[    0.000000] x86/PAT: MTRRs disable, ipping PAT iniiaization too.
[    0.0000] CPU MTRRs l bla - virtualized system.
[    0.000000] x86/PAT: Configuration [0-7]: WB  WT  UC- UC  WB  WT  UC UC 
[   0.0000] ou SMPMPableat[mem x009fff-00009ffff] apped at[     (ptrval)]
[    0.000000] Scanning 1 areas for low memory corruptin
[  .000000 RMDIS [em 0x357000-0xce2fff
[    0.000000] ACPI: Early table checksum verification disabled
[    0.000000] ACPI: RSDP 0x00000000000E0000 000024 (v02 VBOX  )
[    0.000000] ACPI: XSDT 0x000000003FFF0030 0003Cv0 VBOX   BOXSD000000ASL 00006)
[   0.000] CPI:FAP 0x0000003FFF00F0 0000F4 (v04 VBOX   VBOXFACP 00000001 ASL  00000061)
[    0.000000] ACPI: DSDT 0x000000003FFF0470 0021FF (v02 VBOX   VBOXBIS 000002 INT20100528)
[   .00000 API FCS 000000003FFF0200 000040
[    .000000 API: CS0x0000003FFF20 00004
    .0000] AI: API 00000003FFF00 00005C (v02 VBOX   VBOXAPIC 00000001 A  00061)
[    0.000000] ACPI: SSDT 0x000000003FFF02A0 0001CC (v01 VBOX   VBOXCPUT 00000002 INTL 20100528)
[    0.000000] No NUMA configuration found
[    0.000000] Faking a node at [mem 0x0000000000000000-0x000000003ffeffff]
[    0.0000] NOE_DATA(0) allocte [me0xffc50-03ffefff
[    0.0000 kvm-clo: cpu 0, sr0:3ff44001, primary cpu clock
[    0.000000] kvm-clock: Using msrs 4b564d01 and 4b564d00
[    0.000000] k-cock: in schedofset of 3730980721 cycles
[    0.000000] clocksource: kvm-clock: mask: 0xffffffffffffffff max_cycles: 0x1cd42e4dffb, max_idle_ns: 881590591483 ns
[    0.000000] Zone ranges:
[    0.000000]  MA      me 0x00000000001000-0x0000000000ffffff]
[    0.000000]   DMA32    [mem 0x000000000100000-0x00000003ffeffff]
[    00000]   Noma   empy
[    0.00000]  Device emp
[   .00000] ovble zone art r eac nod
[   000000]ary memoy node ranges
[   0.0000]   ode   0: [me 0x0000000000001000-0x000000000009efff]
[    0.000000]   no   0: [m x00000000000-000000003ffefff]
[    0.00000]Initem setp ode 0[mm 0x000000000100-00000003fefff]
[   0.000]Resevebbut unvalable: 8 ages
  0.00000]ACPIPMTimer O ort:0x008
[   .0000] IOAPIC[0]: apic_id 2, version 32, address 0xfec00000, GSI 0-23
[    0.000000] ACPI: INT_SRC_OVR (bus 0 bus_irq 0 global_irq 2 dfl dfl)
[    0.000000] ACPI: INT_SRC_OVR (bus 0 bus_irq 9 global_irq 9 low level)
[    0.000000] Using PI(MADT) for SMP cofiguraion information
[   0.0000] smpboot: Alloing 2PU, 0 hotplug CPUs
[    0.000000] PM: Registed novememory[mem 0x00000000-0x00000fff]
[    0.000000] PM: Registered nosave memory: [mem 0x0009f000-0x0009ffff]
[    0.000000] PM: Registered nosa memory: [mem 0000a000x000ff]
[    0.0000] PM: egstered nosave memory: [mem 0x000f0000-0x000fffff]
[    0.000000] e820: [mem 0x00000-0xfebffff] avaiabe for CIdeves
[   0.00000 Bootingpaavirualized kernel  KVM
[  0.00000clocksrc: refined-jiffies: mask: 0xffffffff max_cyclees: 0xfffffff, max_idle_ns:645196002156 ns     00000] rdom:etrandombyes cll fromstrt_kernl+x90xfd wh rng_nit=0[   0.0000 sup_peru: NR_PUS:8192 nrpuask_ts:2nrpu_is: nr_node_ids1
[   .000000] percpu: Ebeed 46 pages/cu       ptrvl)s151552 812 28672 u1048576
[    0.000000] PV qspinlock hash table entries: 256 (order: 0, 4096 bytes)
[    0.000000] Built 1 onelists mbilitygroupin o. Tol pag: 257913
[  0.0000 Policy zoe: MA
[    0.000000 Kern cmmandine: BOOT_IMAE=/ot/vmlinuz-4.10-43-enic root=LABEL=cloudimg-rootfs ro cconslety1 nsle=ttyS0
[   0.0000] Memry 98380K/48120Kavlable 1200K erl code 272K daa, 42K rodata, 2408K init, 2416K bss, 65040K reserved, 0K cma-resrved)
[    0.000000] SLUB: HWalign=64, Order=0-3, MinObjects=0, CPUs=2, Nodes=1
[    0.000000] Kernel/User page tabls isaton: enled
[  0.00000ftra: llatng 396 enie i 1 pages
   0.0000] Hierarchical RCU implementation.
[    0.004000] 	RCU restricting CPUs from NR_CPUS=812 to nr_cpuid=2.[   0.4000 	sks RCenabed
[    .0000]CU Adjstng gomtry r cu_fanou_leaf=16, nrcpu_ids=
    .04000NRIRQS 54544 nr_irs: 440preallocated irqs: 16
[    0.004000] Console: colour VGA+ 80x25
[    0.004000] console [tty1] enabled
[    0.004000] console [ttyS0] enabled
[    0.004000] ACPI: Core revision 20170831
[    0.004000] ACPI: 2 ACPI AML tables succssfull aquired ad oaded
[  0.004000] APIC: Switch to symmetric I/O mode setup
[    0.004233] x2apic enabled
[    0.008008] Switched APIC routing to physical x2apic.
[    0.012882] ..TIMER: vector=0x30 apic1=0 pin1=2 apic2=-1 pin2=-1
[    0.016002] tsc: Detected 2303.998 MHz processsr
[    0.020011] Calibrating delay loop (skipped) preset value.. 4607.99 BogoMIPS (lpj=9215992)
[    0.024006] pid_max: default: 32768 minimum: 301
[    0.028045] Security Framework initialized
[    0.032008] Yama: becoming mindful.
[    0.036038] AppArmor: AppArmor initialized
[    0.041646] Dentry cache hash table entries: 131072 (order: 8, 1048576 bytes)
[    0.044084] Inode-cache hash table entries: 65536 (order: 7, 524288 bytes)
[    0.048037] Mount-cache hash table entries: 2048 (order: 2, 16384 bytes)
[    0.052018] Mountpoint-cache hash table entries: 2048 (order: 2, 16384 bytes)
[    0.056337] mce: CPU supports 0 MCE banks
[    0.060023] Last level iTLB entries: 4KB 64, 2MB 8, 4MB 8
[    0.064007] Last level dTLB entries: 4KB 64, 2MB 0, 4MB 0, 1GB 4
[    0.068007] Spectre V2 : Mitigation: Full generic retpoline
[    0.072006] Spectre V2 : Spectre v2 / SpectreRSB mitigation: Filling RSB on context switch
[    0.076006] Speculative Store Bypass: Vulnerable
[    0.080095] Freeing SMP alternatives memory: 36K
[    0.088000] smpboot: CPU0: Intel(R) Core(TM) i5-7360U CPU @ 2.30GHz (family: 0x6, model: 0x8e, stepping: 0x9)
[    0.088092] Performance Events: unsupported p6 CPU model 142 no PMU driver, software events only.
[    0.092068] Hierarchical SRCU implementation.
[    0.096540] NMI watchdog: Perf event create on CPU 0 failed with -2
[    0.100006] NMI watchdog: Perf NMI watchdog permanently disabled
[    0.104078] smp: Bringing up secondary CPUs ...
[    0.108102] x86: Booting SMP configuration:
[    0.109152] .... node  #0, CPUs:      #1
[    0.004000] kvm-clock: cpu 1, msr 0:3ff44041, secondary cpu clock
[    0.004000] mce: CPU supports 0 MCE banks
[    0.148020] smp: Brought up 1 node, 2 CPUs
[    0.152007] smpboot: Max logical packages: 1
[    0.156005] smpboot: Total of 2 processors activated (9215.99 BogoMIPS)
[    0.160145] devtmpfs: initialized
[    0.164057] x86/mm: Memory block size: 128MB
[    0.168140] evm: security.selinux
[    0.172012] evm: security.SMACK64
[    0.176007] evm: security.SMACK64EXEC
[    0.180008] evm: security.SMACK64TRANSMUTE
[    0.184007] evm: security.SMACK64MMAP
[    0.188004] evm: security.apparmor
[    0.192006] evm: security.ima
[    0.196003] evm: security.capability
[    0.200094] clocksource: jiffies: mask: 0xffffffff max_cycles: 0xffffffff, max_idle_ns: 7645041785100000 ns
[    0.204012] futex hash table entries: 512 (order: 3, 32768 bytes)
[    0.208082] pinctrl core: initialized pinctrl subsystem
[    0.213480] RTC time:  5:39:43, date: 01/19/19
[    0.216229] NET: Registered protocol family 16
[    0.220078] audit: initializing netlink subsys (disabled)
[    0.224038] audit: type=2000 audit(1547876367.021:1): state=initialized audit_enabled=0 res=1
[    0.416011] cpuidle: using governor ladder
[    0.420010] cpuidle: using governor menu
[    0.424054] ACPI: bus type PCI registered
[    0.428003] acpiphp: ACPI Hot Plug PCI Controller Driver version: 0.5
[    0.432119] PCI: Using configuration type 1 for base access
[    0.440019] HugeTLB registered 2.00 MiB page size, pre-allocated 0 pages
[    0.444126] ACPI: Added _OSI(Module Device)
[    0.448015] ACPI: Added _OSI(Processor Device)
[    0.452024] ACPI: Added _OSI(3.0 _SCP Extensions)
[    0.456006] ACPI: Added _OSI(Processor Aggregator Device)
[    0.460009] ACPI: Added _OSI(Linux-Dell-Video)
[    0.464008] ACPI: Added _OSI(Linux-Lenovo-NV-HDMI-Audio)
[    0.468352] ACPI: Executed 1 blocks of module-level executable AML code
[    0.477241] ACPI: Interpreter enabled
[    0.480013] ACPI: (supports S0 S5)
[    0.484007] ACPI: Using IOAPIC for interrupt routing
[    0.488232] PCI: Using host bridge windows from ACPI; if necessary, use "pci=nocrs" and report a bug
[    0.492181] ACPI: Enabled 2 GPEs in block 00 to 07
[    0.502836] ACPI: PCI Root Bridge [PCI0] (domain 0000 [bus 00-ff])
[    0.504012] acpi PNP0A03:00: _OSC: OS supports [ASPM ClockPM Segments MSI]
[    0.508037] acpi PNP0A03:00: _OSC: not requesting OS control; OS requires [ExtendedConfig ASPM ClockPM MSI]
[    0.512020] acpi PNP0A03:00: fail to add MMCONFIG information, can't access extended PCI configuration space under this bridge.
[    0.516401] PCI host bridge to bus 0000:00
[    0.517429] pci_bus 0000:00: root bus resource [io  0x0000-0x0cf7 window]
[    0.519057] pci_bus 0000:00: root bus resource [io  0x0d00-0xffff window]
[    0.520010] pci_bus 0000:00: root bus resource [mem 0x000a0000-0x000bffff window]
[    0.524006] pci_bus 0000:00: root bus resource [mem 0x40000000-0xfdffffff window]
[    0.528009] pci_bus 0000:00: root bus resource [bus 00-ff]
[    0.534161] pci 0000:00:01.1: legacy IDE quirk: reg 0x10: [io  0x01f0-0x01f7]
[    0.535865] pci 0000:00:01.1: legacy IDE quirk: reg 0x14: [io  0x03f6]
[    0.536005] pci 0000:00:01.1: legacy IDE quirk: reg 0x18: [io  0x0170-0x0177]
[    0.540008] pci 0000:00:01.1: legacy IDE quirk: reg 0x1c: [io  0x0376]
[    0.570971] pci 0000:00:07.0: quirk: [io  0x4000-0x403f] claimed by PIIX4 ACPI
[    0.572064] pci 0000:00:07.0: quirk: [io  0x4100-0x410f] claimed by PIIX4 SMB
[    0.593502] ACPI: PCI Interrupt Link [LNKA] (IRQs 5 9 10 *11)
[    0.596356] ACPI: PCI Interrupt Link [LNKB] (IRQs 5 9 *10 11)
[    0.600163] ACPI: PCI Interrupt Link [LNKC] (IRQs 5 *9 10 11)
[    0.604159] ACPI: PCI Interrupt Link [LNKD] (IRQs 5 9 10 *11)
[    0.608411] SCSI subsystem initialized
[    0.612062] pci 0000:00:02.0: vgaarb: setting as boot VGA device
[    0.616000] pci 0000:00:02.0: vgaarb: VGA device added: decodes=io+mem,owns=io+mem,locks=none
[    0.616010] pci 0000:00:02.0: vgaarb: bridge control possible
[    0.620004] vgaarb: loaded
[    0.624057] ACPI: bus type USB registered
[    0.628031] usbcore: registered new interface driver usbfs
[    0.632042] usbcore: registered new interface driver hub
[    0.636045] usbcore: registered new device driver usb
[    0.640079] EDAC MC: Ver: 3.0.0
[    0.644283] PCI: Using ACPI for IRQ routing
[    0.648561] NetLabel: Initializing
[    0.652010] NetLabel:  domain hash size = 128
[    0.656006] NetLabel:  protocols = UNLABELED CIPSOv4 CALIPSO
[    0.660034] NetLabel:  unlabeled traffic allowed by default
[    0.664092] clocksource: Switched to clocksource kvm-clock
[    0.6865] VFS: skuos quot_6.6.0  0.57] VFS: Dquot-cach hh blenie 5 (de0, 4096 bytes)
[   .460 AArr:ppmoFisystem abd
[   .084 p: P PIni
[  2518]npPnAC: fnd dic

[   2.68] losoceac_p mk:xfffmacyes0xff, x_les:08014 s
[  39084 N: gistreproc fil2
[   4040]CPstblheha tlentie 8192 rd:  636bytes)
  5.32] P ndastae ntes81 (de 5 107bys)
[   5.00] P:astaes cnfigurd stlied19bi 82)[   5840UDha tleentres51(ode 2164 te
   72347UDLi hh blenie: 2 rd: , 638byte
  7.29] T: Regisreprotocol family 1
[    8.234617pc00:0000:imindiecPCPCtrsfs   8.806 p 00:00:01.0: Activating ISA DMA hang workarounds
[   069863] pc000::00:id dicwithshdod M  [m 0000-000fff
[    9.923] paininras.
[   10.547117] Freeing initrd memory: 19504K
[   10.647404] platform rtc_cmos: registered platform RTC device (no PNP device found)
[   10.830287] Scanning for low memory corruption every 60 seconds
[   10.944009] Initialise system trusted keyrings
[   11.024347] Key type blacklist registered
[   11.089594] workingset: timestamp_bits=36 max_order=18 bucket_order=0
[   11.216897] zbud: loaded
[   11.279640] squashfs: version 4.0 (2009/01/31) Phillip Lougher
[   11.389490] fuse init (API version 7.26)
[   11.471401] Key type asymmetric registered
[   11.543411] Asymmetric key parser 'x509' registered
[   11.633158] Block layer SCSI generic (bsg) driver version 0.4 loaded (major 246)
[   11.749850] tsc: Refined TSC clocksource calibration: 2303.950 MHz
[   11.752220] io scheduler noop registered
[   11.752221] io scheduler deadline registered
[   11.752270] io scheduler cfq registered (default)
[   12.148588] clocksource: tsc: mask: 0xffffffffffffffff max_cycles: 0x2135c8aa24d, max_idle_ns: 440795319772 ns
[   12.369227] ACPI: AC Adapter [AC] (off-line)
[   12.526514] input: Power Button as /devices/LNXSYSTM:00/LNXPWRBN:00/input/input0
[   12.634303] ACPI: Power Button [PWRF]
[   12.695341] input: Sleep Button as /devices/LNXSYSTM:00/LNXSLPBN:00/input/input1
[   12.716925] ACPI: Sleep Button [SLPF]
[   12.746424] Serial: 8250/16550 driver, 32 ports, IRQ sharing enabled
[   12.747543] ACPI: Battery Slot [BAT0] (battery present)
[   12.823443] 00:02: ttyS0 at I/O 0x3f8 (irq = 4, base_baud = 115200) is a 16550A
[   12.836947] Linux agpgart interface v0.103
[   12.868343] loop: module loaded
[   12.926416] scsi host0: ata_piix
[   13.023564] scsi host1: ata_piix
[   13.145110] ata1: PATA max UDMA/33 cmd 0x1f0 ctl 0x3f6 bmdma 0xd000 irq 14
[   13.150932] ata2: PATA max UDMA/33 cmd 0x170 ctl 0x376 bmdma 0xd008 irq 15
[   13.193701] libphy: Fixed MDIO Bus: probed
[   13.296707] tun: Universal TUN/TAP device driver, 1.6
[   13.303735] PPP generic driver version 2.4.2
[   13.304889] ehci_hcd: USB 2.0 'Enhanced' Host Controller (EHCI) Driver
[   13.496752] ehci-pci: EHCI PCI platform driver
[   13.585723] ehci-platform: EHCI generic platform driver
[   13.732753] ohci_hcd: USB 1.1 'Open' Host Controller (OHCI) Driver
[   13.881277] ohci-pci: OHCI PCI platform driver
[   13.911679] ohci-platform: OHCI generic platform driver
[   13.952521] uhci_hcd: USB Universal Host Controller Interface driver
[   14.180613] i8042: PNP: PS/2 Controller [PNP0303:PS2K,PNP0f03:PS2M] at 0x60,0x64 irq 1,12
[   14.446797] serio: i8042 KBD port at 0x60,0x64 irq 1
[   14.583398] serio: i8042 AUX port at 0x60,0x64 irq 12
[   14.683936] mousedev: PS/2 mouse device common for all mice
[   14.880257] input: AT Translated Set 2 keyboard as /devices/platform/i8042/serio0/input/input2
[   14.96297 r_cs c_osrtcoe:egtered rtc_cmoasrt
  5.960]tcmortcm: arms up to o d, 4 yts vram
[ 16714]2c/dev eniedrer[ 16412]cimpam AD(R)PCE 2 mmnitin Drive Vrson1.

[   17.320351] devic-mpe uen vsin 0.

[   17.731037] device-mapper: ioctl: 4.37.0-ioctl (2017-09-20) initialised: dm-devel@redhat.com
[   17.944390] ledtrig-cpu: registered to indicate activity on CPUs
[   18.065759] NET: Registered protocol family 10
[   18.133223] Segment Routing with IPv6
[   18.192362] NET: Registered protocol family 17
[   18.258268] Key type dns_resolver registered
[   18.296857] RAS: Correctable Errors collector initialized.
[   18.376651] sched_clock: Marking stable (18376619564, 0)->(42737697361, -24361077797)
[   18.490716] registered taskstats version 1
[   18.603340] Loading compiled-in X.509 certificates
[   18.707468] Loaded X.509 cert 'Build time autogenerated kernel key: 6afcca3ddc80072aeae87585a7fdb65d40603f58'
[   18.850092] zswap: loaded using pool lzo/zbud
[   18.922736] Key type big_key registered
[   18.956728] Key type trusted registered
[   19.019545] Key type encrypted registered
[   19.076599] AppArmor: AppArmor sha1 policy hashing enabled
[   19.161595] ima: No TPM chip found, activating TPM-bypass! (rc=-19)
[   19.265734] ima: Allocated hash algorithm: sha1
[   19.332514] evm: HMAC attrs: 0x1
[   19.380930]   Magic number: 3:58:669
[   19.389383] rtc_cmos rtc_cmos: setting system clock to 2019-01-19 05:40:05 UTC (1547876405)
[   19.485054] BIOS EDD facility v0.16 2004-Jun-25, 0 devices found
[   19.518796] EDD information not available.
[   19.522072] Freeing unused kernel memory: 2408K
[   19.883499] Write protecting the kernel read-only data: 20480k
[   20.988415] Freeing unused kernel memory: 2008K
[   21.899422] Freeing unused kernel memory: 1892K
[   22.825752] x86/mm: Checked W+X mappings: passed, no W+X pages found.
[   24.142852] x86/mm: Checking user space page tables
[   24.959820] x86/mm: Checked W+X mappings: passed, no W+X pages found.
Loading, please wait...
starting version 237
[   26.466836] e1000: Intel(R) PRO/1000 Network Driver - version 7.3.21-k8-NAPI
[   26.610814] e1000: Copyright (c) 1999-2006 Intel Corporation.
[   26.736486] Fusion MPT base driver 3.04.20
[   26.741048] Copyright (c) 1999-2008 LSI Corporation
[   26.753814] AVX2 version of gcm_enc/dec engaged.
[   26.774605] AES CTR mode by8 optimization enabled
[   26.798878] Fusion MPT SPI Host driver 3.04.20
[   26.983153] input: ImExPS/2 Generic Explorer Mouse as /devices/platform/i8042/serio1/input/input4
[   27.146454] e1000 0000:00:03.0 eth0: (PCI:33MHz:32-bit) 02:3c:7c:50:53:2f
[   27.718409] e1000 0000:00:03.0 eth0: Intel(R) PRO/1000 Network Connection
[   27.851567] mptbase: ioc0: Initiating bringup
[   28.076571] ioc0: LSI53C1030 A0: Capabilities={Initiator}
[   28.407190] scsi host2: ioc0: LSI53C1030 A0, FwRev=00000000h, Ports=1, MaxQ=256, IRQ=20
[   28.771959] scsi 2:0:0:0: Direct-Access     VBOX     HARDDISK         1.0  PQ: 0 ANSI: 5
[   29.737607] scsi target2:0:0: Beginning Domain Validation
[   30.473023] scsi target2:0:0: Domain Validation skipping write tests
[   30.521445] scsi target2:0:0: Ending Domain Validation
[   30.522825] scsi target2:0:0: asynchronous
[   30.539085] scsi 2:0:1:0: Direct-Access     VBOX     HARDDISK         1.0  PQ: 0 ANSI: 5
[   30.761881] scsi target2:0:1: Beginning Domain Validation
[   30.792259] e1000 0000:00:08.0 eth1: (PCI:33MHz:32-bit) 08:00:27:69:28:f0
[   30.792264] e1000 0000:00:08.0 eth1: Intel(R) PRO/1000 Network Connection
[   30.923703] e1000 0000:00:03.0 enp0s3: renamed from eth0
[   31.174073] random: fast init done
[   31.236870] scsi target2:0:1: Domain Validation skipping write tests
[   31.244996] random: systemd-udevd: uninitialized urandom read (16 bytes read)
[   31.245107] random: systemd-udevd: uninitialized urandom read (16 bytes read)
[   31.245189] random: systemd-udevd: uninitialized urandom read (16 bytes read)
[   31.246453] e1000 0000:00:08.0 enp0s8: renamed from eth1
[   31.720508] scsi target2:0:1: Ending Domain Validation
[   31.819846] scsi target2:0:1: asynchronous
[   31.910267] sd 2:0:0:0: Attached scsi generic sg0 type 0
[   31.997043] sd 2:0:0:0: [sda] 20971520 512-byte logical blocks: (10.7 GB/10.0 GiB)
[   32.000607] sd 2:0:1:0: Attached scsi generic sg1 type 0
[   32.254638] sd 2:0:0:0: [sda] Write Protect is off
[   32.274927] sd 2:0:1:0: [sdb] 20480 512-byte logical blocks: (10.5 MB/10.0 MiB)
[   32.484126] sd 2:0:0:0: [sda] Incomplete mode parameter data
[   32.514996] sd 2:0:0:0: [sda] Assuming drive cache: write through
[   32.515059] sd 2:0:1:0: [sdb] Write Protect is off
[   32.515169] sd 2:0:1:0: [sdb] Incomplete mode parameter data
[   32.515170] sd 2:0:1:0: [sdb] Assuming drive cache: write through
[   32.584609] sd 2:0:1:0: [sdb] Attached SCSI disk
[   32.616858]  sda: sda1
[   32.622324] sd 2:0:0:0: [sda] Attached SCSI disk
Begin: Loading essential drivers ... [   34.048537] raid6: sse2x1   gen() 12416 MB/s
[   34.156288] raid6: sse2x1   xor()  8990 MB/s
[   34.272265] raid6: sse2x2   gen() 15124 MB/s
[   34.348176] raid6: sse2x2   xor() 10169 MB/s
[   34.448244] raid6: sse2x4   gen() 17696 MB/s
[   34.560240] raid6: sse2x4   xor() 10637 MB/s
[   34.664255] raid6: avx2x1   gen() 24845 MB/s
[   34.776104] raid6: avx2x1   xor() 14924 MB/s
[   34.860243] raid6: avx2x2   gen() 25724 MB/s
[   34.980585] raid6: avx2x2   xor() 19144 MB/s
[   35.108215] raid6: avx2x4   gen() 34555 MB/s
[   35.208579] raid6: avx2x4   xor() 19911 MB/s
[   35.276341] raid6: using algorithm avx2x4 gen() 34555 MB/s
[   35.361964] raid6: .... xor() 19911 MB/s, rmw enabled
[   35.456518] raid6: using avx2x2 recovery algorithm
[   35.517938] xor: automatically using best checksumming function   avx       
[   35.725391] async_tx: api initialized (async)
done.
Begin: Running /scripts/init-premount ... done.
Begin: Mounting root file system ... Begin: Running /scripts/local-top ... done.
Begin: Running /scripts/local-premount ... [   35.854360] Btrfs loaded, crc32c=crc32c-intel
Scanning for Btrfs filesystems
done.
Warning: fsck no[   35.940843] EXT4-fs (sda1): INFO: recovery required on readonly filesystem
t present, so sk[   36.112015] EXT4-fs (sda1): write access will be enabled during recovery
ipping root file system
[   36.396981] EXT4-fs (sda1): orphan cleanup on readonly fs
[   36.557913] EXT4-fs (sda1): 9 orphan inodes deleted
[   36.663518] EXT4-fs (sda1): recovery complete
[   36.781294] EXT4-fs (sda1): mounted filesystem with ordered data mode. Opts: (null)
done.
Begin: Running /scripts/local-bottom ... done.
Begin: Running /scripts/init-bottom ... done.
[   37.149514] ip_tables: (C) 2000-2006 Netfilter Core Team
[   37.318915] systemd[1]: systemd 237 running in system mode. (+PAM +AUDIT +SELINUX +IMA +APPARMOR +SMACK +SYSVINIT +UTMP +LIBCRYPTSETUP +GCRYPT +GNUTLS +ACL +XZ +LZ4 +SECCOMP +BLKID +ELFUTILS +KMOD -IDN2 +IDN -PCRE2 default-hierarchy=hybrid)
[   37.400197] systemd[1]: Detected virtualization oracle.
[   37.446528] systemd[1]: Detected architecture x86-64.

Welcome to [1mUbuntu 18.04.1 LTS[0m!

[   37.502042] systemd[1]: Set hostname to <ubuntu-bionic>.
[   37.843534] systemd[1]: Created slice User and Session Slice.
[[0;32m  OK  [0m] Created slice User and Session Slice.
[   37.866287] systemd[1]: Reached target System Time Synchronized.
[[0;32m  OK  [0m] Reached target System Time Synchronized.
[   37.869425] systemd[1]: Reached target User and Group Name Lookups.
[[0;32m  OK  [0m] Reached target User and Group Name Lookups.
[   37.893193] systemd[1]: Created slice System Slice.
[[0;32m  OK  [0m] Created slice System Slice.
[   37.916033] systemd[1]: Listening on udev Control Socket.
[[0;32m  OK  [0m] Listening on udev Control Socket.
[   37.918946] systemd[1]: Listening on udev Kernel Socket.
[[0;32m  OK  [0m] Listening on udev Kernel Socket.
[[0;32m  OK  [0m] Listening on Syslog Socket.
[[0;32m  OK  [0m] Listening on Journal Audit Socket.
[[0;32m  OK  [0m] Listening on Journal Socket.
         Starting Uncomplicated firewall...
         Starting Set the console keyboard layout...
         Starting Load Kernel Modules...[   38.103813] random: crng init done

[   38.136605] random: 7 urandom warning(s) missed due to ratelimiting
         Mounting POSIX Message [   38.144711] Loading iSCSI transport class v2.0-870.
Queue File System...
         Mountin[   38.171806] iscsi: registered transport (tcp)
g Kernel Debug File System...
[   38.218176] iscsi: registered transport (iser)
[[0;32m  OK  [0m] Created slice system-serial\x2dgetty.slice.
[[0;32m  OK  [0m] Listening on Network Service Netlink Socket.
[[0;32m  OK  [0m] Listening on Device-mapper event daemon FIFOs.
[[0;32m  OK  [0m] Listening on LVM2 poll daemon socket.
         Mounting Huge Pages File System...
         Starting udev Coldplug all Devices...
[[0;32m  OK  [0m] Reached target Swap.
[[0;32m  OK  [0m] Started Forward Password Requests to Wall Directory Watch.
         Starting Remount Root and Kernel[   38.734603] EXT4-fs (sda1): re-mounted. Opts: (null)
 File Systems...
         Starting Create list of required st…ce nodes for the current kernel...
[[0;32m  OK  [0m] Listening on Journal Socket (/dev/log).
[[0;32m  OK  [0m] Listening on LVM2 metadata daemon socket.
         Starting Monitoring of LVM2 mirrors…ng dmeventd or progress polling...
[[0;32m  OK  [0m] Listening on /dev/initctl Compatibility Named Pipe.
[[0;32m  OK  [0m] Reached target Slices.
         Starting Journal Service...
[[0;32m  OK  [0m] Set up automount Arbitrary Executab…rmats File System Automount Point.
[[0;32m  OK  [0m] Started Journal Service.
[[0;32m  OK  [0m] Started Uncomplicated firewall.
[[0;32m  OK  [0m] Started Set the console keyboard layout.
[[0;32m  OK  [0m] Started Load Kernel Modules.
[[0;32m  OK  [0m] Mounted POSIX Message Queue File System.
[[0;32m  OK  [0m] Mounted Kernel Debug File System.
[[0;32m  OK  [0m] Mounted Huge Pages File System.
[[0;32m  OK  [0m] Started Remount Root and Kernel File Systems.
[[0;32m  OK  [0m] Started Create list of required sta…vice nodes for the current kernel.
[[0;32m  OK  [0m] Started LVM2 metadata daemon.
         Starting Create Static Device Nodes in /dev...
         Starting Load/Save Random Seed...
         Starting Initial cloud-init job (pre-networking)...
         Mounting FUSE Control File System...
         Starting Apply Kernel Variables...
         Mounting Kernel Configuration File System...
         Starting Flush Journal to Persistent Storage...
[[0;32m  OK  [0m] Started Monitoring of LVM2 mirrors,…sing dmeventd or progress polling.
[[0;32m  OK  [0m] Started udev Coldplug all Devices.
[[0;32m  OK  [0m] Started Create Static Device Nodes in /dev.
[[0;32m  OK  [0m] Started Load/Save Random Seed.
[[0;32m  OK  [0m] Mounted FUSE Control File System.
[[0;32m  OK  [0m] Started Apply Kernel Variables.
[[0;32m  OK  [0m] Mounted Kernel Configuration File System.
         Starting udev Kernel Device Manager...
[[0;32m  OK  [0m] Reached target Local File Systems (Pre).
[[0;32m  OK  [0m] Reached target Local File Systems.
         Starting AppArmor initialization...
         Starting Set console font and keymap...
         Starting ebtables ruleset management...
         Starting Tell Plymouth To Write Out Runtime Data...
[[0;32m  OK  [0m] Started udev Kernel Device Manager.
[[0;32m  OK  [0m] Started Set console font and keymap.
[[0;32m  OK  [0m] Started Tell Plymouth To Write Out Runtime Data.
[[0;32m  OK  [0m] Started Dispatch Password Requests to Console Directory Watch.
[[0;32m  OK  [0m] Reached target Local Encrypted Volumes.
[[0;32m  OK  [0m] Started Flush Journal to Persistent Storage.
[[0;32m  OK  [0m] Found device /dev/ttyS0.
[[0;32m  OK  [0m] Listening on Load/Save RF Kill Switch Status /dev/rfkill Watch.
         Starting Create Volatile Files and Directories...
[[0;32m  OK  [0m] Started ebtables ruleset management.
[[0;32m  OK  [0m] Started Create Volatile Files and Directories.
         Starting Update UTMP about System Boot/Shutdown...
[[0;32m  OK  [0m] Started Update UTMP about System Boot/Shutdown.
[[0;32m  OK  [0m] Started AppArmor initialization.
[   41.254534] cloud-init[414]: Cloud-init v. 18.4-0ubuntu1~18.04.1 running 'init-local' at Sat, 19 Jan 2019 05:40:27 +0000. Up 41.02 seconds.
[[0;32m  OK  [0m] Started Initial cloud-init job (pre-networking).
[[0;32m  OK  [0m] Reached target Network (Pre).
         Starting Network Service...
[[0;32m  OK  [0m] Started Network Service.
         Starting Network Name Resolution...
         Starting Wait for Network to be Configured...
[[0;32m  OK  [0m] Started Network Name Resolution.
[[0;32m  OK  [0m] Reached target Network.
[[0;32m  OK  [0m] Reached target Host and Network Name Lookups.
[[0;32m  OK  [0m] Started Wait for Network to be Configured.
         Starting Initial cloud-init job (metadata service crawler)...
[   43.502757] cloud-init[679]: Cloud-init v. 18.4-0ubuntu1~18.04.1 running 'init' at Sat, 19 Jan 2019 05:40:29 +0000. Up 43.37 seconds.
[   43.632328] cloud-init[679]: ci-info: ++++++++++++++++++++++++++++++++++++++Net device info+++++++++++++++++++++++++++++++++++++++
[   43.692394] cloud-init[679]: ci-info: +--------+------+-----------------------------+---------------+--------+-------------------+
[   43.732339] cloud-init[679]: ci-info: | Device |  Up  |           Address           |      Mask     | Scope  |     Hw-Address    |
[[0;32m  OK  [0m] Started Initial cloud-init job (metadata service crawler).
[[0;32m  OK  [0m] Reached target Cloud-config availability.
[[0;32m  OK  [0m] Reached target System Initialization.
[[0;32m  OK  [0m] Started Daily Cleanup of Temporary Directories.
[[   43.830884] cloud-init[679]: ci-info: +--------+------+-----------------------------+---------------+--------+-------------------+
[0;32m  OK  [0m] Listening on D-Bus System Message Bus Socket.
[   44.094993] cloud-init[679]: ci-info: | enp0s3 | True |          10.0.2.15          | 255.255.255.0 | global | 02:3c:7c:50:53:2f |
[   44.095031] cloud-init[679]: ci-info: | enp0s3 | True |  fe80::3c:7cff:fe50:532f/64 |       .       |  link  | 02:3c:7c:50:53:2f |
         [   44.500979] Starting Socket activation for snappy daemon.cloud-init[679]: ci-info: | enp0s8 | True |        192.168.33.10        | 255.255.255.0 | global | 08:00:27:69:28:f0 |

[[0;32m  OK  [0m[   44.676806] ] cloud-initStarted Daily apt download activities.[679]: 
ci-info: | enp0s8 | True | fe80::a00:27ff:fe69:28f0/64 |       .       |  link  | 08:00:27:69:28:f0 |
[[   44.772387] cloud-init[679]: ci-info: |   lo   | True |          127.0.0.1          |   255.0.0.0   |  host  |         .         |
[   44.772746] cloud-init[679]: ci-info: |   lo   | True |           ::1/128           |       .       |  host  |         .         |
[0;32m  OK  [0m] Listening on ACPID Listen Socket.
[   44.773102] cloud-init[679]: ci-info: +--------+------+-----------------------------+---------------+--------+-------------------+
[[   45.101752] cloud-init[679]: ci-info: +++++++++++++++++++++++++++++Route IPv4 info+++++++++++++++++++++++++++++
[   45.102253] cloud-init[679]: ci-info: +-------+--------------+----------+-----------------+-----------+-------+
[0;32m  OK  [0m] Started Discard unused blocks once a week.
[   45.102712] cloud-init[679]: ci-info: | Route | Destination  | Gateway  |     Genmask     | Interface | Flags |
[[   45.452781] cloud-init[679]: ci-info: +-------+--------------+----------+-----------------+-----------+-------+
[   45.453323] cloud-init[679]: ci-info: |   0   |   0.0.0.0    | 10.0.2.2 |     0.0.0.0     |   enp0s3  |   UG  |
[0;32m  OK  [0m] Started Daily apt upgrade and clean activities.
[   45.453692] cloud-init[679]: ci-info: |   1   |   10.0.2.0   | 0.0.0.0  |  255.255.255.0  |   enp0s3  |   U   |
[[0;32m  OK  [0m] Started ACPI Events Check.
[[0;32m  OK  [0m] Reached target Paths.
[   45.818449] cloud-init[679]: ci-info: |   2   |   10.0.2.2   | 0.0.0.0  | 255.255.255.255 |   enp0s3  |   UH  |
         Starting LXD - unix socket.
[[0;32m  OK  [0m] Listening on UUID daemon activation socket.
[[0;32m  OK  [0m] Started Message of the Day.
[[0;32m  OK  [0m] Reached target Timers.
[[0;32m  OK  [0m] Listening on Open-iSCSI iscsid Socket.
[[0;32m  OK  [0m] Reached target Network is Online.
[   45.971058] cloud-init[679]: ci-info: |   3   | 192.168.33.0 | 0.0.0.0  |  255.255.255.0  |   enp0s8  |   U   |
         Starting Availability of block devices...
[[0;32m  OK  [0m] Reached target Remote File Systems (Pre).
[[0;32m  OK  [0m] Reached target Remote File Systems.
[[0;32m  OK  [0m] Listening on Socket activation for snappy daemon.
[[0;32m  OK  [0m] Listening on LXD - unix socket.
[   46.294841] cloud-init[679]: ci-info: +-------+--------------+----------+-----------------+-----------+-------+
[[0;32m  OK  [0m] Started Availability of block devices.
[[0;32m  OK  [0m] Reached target Sockets.
[[0;32m  OK  [0m] Reached target Basic System.
[   46.699795] cloud-init[679]: ci-info: +++++++++++++++++++Route IPv6 info+++++++++++++++++++
[[0;32m  OK  [0m] Started irqbalance daemon.
[   46.963975] cloud-init[679]: ci-info: +-------+-------------+---------+-----------+-------+
         Starting vboxadd.service...
[   47.040647] cloud-init[679]: ci-info: | Route | Destination | Gateway | Interface | Flags |
[   47.120830] [cloud-init[0;32m  OK  [0m[679]: ] ci-info: +-------+-------------+---------+-----------+-------+Started D-Bus System Message Bus.

[   47.208586]          cloud-initStarting LSB: Record successful boot for GRUB...[679]: 
ci-info: |   1   |  fe80::/64  |    ::   |   enp0s3  |   U   |
         Starting Dispatcher daemon for systemd-networkd...
[   47.278065] cloud-init[679]: ci-info: |   2   |  fe80::/64  |    ::   |   enp0s8  |   U   |
         Starting System Logging Service...
[   47.368185] cloud-init[679]: ci-info: |   4   |    local    |    ::   |   enp0s3  |   U   |
         Starting LXD - container startup/shutdown...
[   47.443198] cloud-init[679]: ci-info: |   5   |    local    |    ::   |   enp0s8  |   U   |
         Starting Accounts Service...
[   47.487932] cloud-init[[0;32m  OK  [0m] Started FUSE filesystem for LXC.
         Starting Permit User Sessions...
[679]: ci-info: |   6   |   ff00::/8  |    ::   |   enp0s3  |   U   |
[   47.538915] cloud-init[679]: ci-info: |   7   |   ff00::/8  |    ::   |   enp0s8  |   U   |
[   47.581499] cloud-init[679]: ci-info: +-------+-------------+---------+-----------+-------+
         Starting OpenBSD Secure Shell server...
[[0;32m  OK  [0m] Started Deferred execution scheduler.
         Starting LSB: automatic crash report generation...
         Starting Login Service...
[[0;32m  OK  [0m] Started Regular background program processing daemon.
         Starting Snappy daemon...
[[0;32m  OK  [0m] Started System Logging Service.
[[0;32m  OK  [0m] Started Dispatcher daemon for systemd-networkd.
[[0;32m  OK  [0m] Started Snappy daemon.
[[0;32m  OK  [0m] Started vboxadd.service.
[[0;32m  OK  [0m] Started LXD - container startup/shutdown.
[[0;32m  OK  [0m] Started Permit User Sessions.
[[0;32m  OK  [0m] Started OpenBSD Secure Shell server.
[[0;32m  OK  [0m] Started LSB: automatic crash report generation.
[[0;32m  OK  [0m] Started Login Service.
[[0;32m  OK  [0m] Started Unattended Upgrades Shutdown.
         Starting Authorization Manager...
         Starting Hold until boot process finishes up...
         Starting Terminate Plymouth Boot Screen...
         Starting vboxadd-service.service...
         Starting Wait until snapd is fully seeded...
[[0;32m  OK  [0m] Started LSB: Record successful boot for GRUB.
[[0;32m  OK  [0m] Started Hold until boot process finishes up.
[[0;32m  OK  [0m] Started Terminate Plymouth Boot Screen.
[[0;32m  OK  [0m] Started vboxadd-service.service.
[[0;32m  OK  [0m] Started Wait until snapd is fully seeded.
[[0;32m  OK  [0m] Started Authorization Manager.
[[0;32m  OK  [0m] Started Accounts Service.
[[0;32m  OK  [0m] Created slice User Slice of vagrant.
         Starting Apply the settings specified in cloud-config...
[[0;32m  OK  [0m] Started Serial Getty on ttyS0.
         Starting Set console scheme...
[[0;32m  OK  [0m] Started Set console scheme.
[[0;32m  OK  [0m] Started Session 1 of user vagrant.
[[0;32m  OK  [0m] Created slice system-getty.slice.
[[0;32m  OK  [0m] Started Getty on tty1.
[[0;32m  OK  [0m] Reached target Login Prompts.
[[0;32m  OK  [0m] Reached target Multi-User System.
[[0;32m  OK  [0m] Reached target Graphical Interface.
         Starting Update UTMP about System Runlevel Changes...
         Starting User Manager for UID 1000...
[[0;32m  OK  [0m] Started Update UTMP about System Runlevel Changes.
[[0;32m  OK  [0m] Started User Manager for UID 1000.
[   49.512003] cloud-init[1175]: Cloud-init v. 18.4-0ubuntu1~18.04.1 running 'modules:config' at Sat, 19 Jan 2019 05:40:35 +0000. Up 49.39 seconds.
[[0;32m  OK  [0m] Started Apply the settings specified in cloud-config.
         Starting Execute cloud user/final scripts...
[   50.127719] cloud-init[1297]: Cloud-init v. 18.4-0ubuntu1~18.04.1 running 'modules:final' at Sat, 19 Jan 2019 05:40:36 +0000. Up 50.03 seconds.
[[   50.248367] cloud-init[1297]: Cloud-init v. 18.4-0ubuntu1~18.04.1 finished at Sat, 19 Jan 2019 05:40:36 +0000. Datasource DataSourceNoCloud [seed=/dev/sdb][dsmode=net].  Up 50.12 seconds
[0;32m  OK  [0m] Started Execute cloud user/final scripts.
[[0;32m  OK  [0m] Reached target Cloud-init target.

Ubuntu 18.04.1 LTS ubuntu-bionic ttyS0

ubuntu-bionic login: 